D:\MY_GIT_HUB\WINDOWS_CORE_PROGRAM\WINDOWS_CORE_PROGRAM\DEBUG\VIRTUAL_MEMORY.EXE
D:\MY_GIT_HUB\WINDOWS_CORE_PROGRAM\WINDOWS_CORE_PROGRAM\DEBUG\VIRTUAL_MEMORY.ILK
D:\MY_GIT_HUB\WINDOWS_CORE_PROGRAM\WINDOWS_CORE_PROGRAM\DEBUG\VIRTUAL_MEMORY.PDB
D:\MY_GIT_HUB\WINDOWS_CORE_PROGRAM\WINDOWS_CORE_PROGRAM\VIRTUAL_MEMORY\DEBUG\14_01_GETSYSTEMINFO.OBJ
D:\My_Git_Hub\windows_core_program\Windows_Core_Program\Virtual_Memory\Debug\cl.command.1.tlog
D:\My_Git_Hub\windows_core_program\Windows_Core_Program\Virtual_Memory\Debug\CL.read.1.tlog
D:\My_Git_Hub\windows_core_program\Windows_Core_Program\Virtual_Memory\Debug\CL.write.1.tlog
D:\My_Git_Hub\windows_core_program\Windows_Core_Program\Virtual_Memory\Debug\link.9308.read.1.tlog
D:\My_Git_Hub\windows_core_program\Windows_Core_Program\Virtual_Memory\Debug\link.9308.write.1.tlog
D:\My_Git_Hub\windows_core_program\Windows_Core_Program\Virtual_Memory\Debug\link.9308-cvtres.read.1.tlog
D:\My_Git_Hub\windows_core_program\Windows_Core_Program\Virtual_Memory\Debug\link.9308-cvtres.write.1.tlog
D:\My_Git_Hub\windows_core_program\Windows_Core_Program\Virtual_Memory\Debug\link.command.1.tlog
D:\My_Git_Hub\windows_core_program\Windows_Core_Program\Virtual_Memory\Debug\link.read.1.tlog
D:\My_Git_Hub\windows_core_program\Windows_Core_Program\Virtual_Memory\Debug\link.write.1.tlog
D:\My_Git_Hub\windows_core_program\Windows_Core_Program\Virtual_Memory\Debug\link-cvtres.read.1.tlog
D:\My_Git_Hub\windows_core_program\Windows_Core_Program\Virtual_Memory\Debug\link-cvtres.write.1.tlog
D:\My_Git_Hub\windows_core_program\Windows_Core_Program\Virtual_Memory\Debug\mt.command.1.tlog
D:\My_Git_Hub\windows_core_program\Windows_Core_Program\Virtual_Memory\Debug\mt.read.1.tlog
D:\My_Git_Hub\windows_core_program\Windows_Core_Program\Virtual_Memory\Debug\mt.write.1.tlog
D:\My_Git_Hub\windows_core_program\Windows_Core_Program\Virtual_Memory\Debug\rc.command.1.tlog
D:\My_Git_Hub\windows_core_program\Windows_Core_Program\Virtual_Memory\Debug\rc.read.1.tlog
D:\My_Git_Hub\windows_core_program\Windows_Core_Program\Virtual_Memory\Debug\rc.write.1.tlog
D:\My_Git_Hub\windows_core_program\Windows_Core_Program\Virtual_Memory\Debug\vc100.idb
D:\MY_GIT_HUB\WINDOWS_CORE_PROGRAM\WINDOWS_CORE_PROGRAM\VIRTUAL_MEMORY\DEBUG\VC100.PDB
D:\MY_GIT_HUB\WINDOWS_CORE_PROGRAM\WINDOWS_CORE_PROGRAM\VIRTUAL_MEMORY\DEBUG\VIRTUAL_MEMORY.EXE.EMBED.MANIFEST
D:\MY_GIT_HUB\WINDOWS_CORE_PROGRAM\WINDOWS_CORE_PROGRAM\VIRTUAL_MEMORY\DEBUG\VIRTUAL_MEMORY.EXE.EMBED.MANIFEST.RES
D:\MY_GIT_HUB\WINDOWS_CORE_PROGRAM\WINDOWS_CORE_PROGRAM\VIRTUAL_MEMORY\DEBUG\VIRTUAL_MEMORY.EXE.INTERMEDIATE.MANIFEST
D:\My_Git_Hub\windows_core_program\Windows_Core_Program\Virtual_Memory\Debug\Virtual_Memory.write.1.tlog
D:\My_Git_Hub\windows_core_program\Windows_Core_Program\Virtual_Memory\Debug\Virtual_Memory_manifest.rc
