生成启动时间为 2016/4/30 21:28:18。
     1>项目“D:\My_Git_Hub\windows_core_program\Windows_Core_Program\Virtual_Memory\Virtual_Memory.vcxproj”在节点 2 上(build 个目标)。
     1>InitializeBuildStatus:
         正在创建“Debug\Virtual_Memory.unsuccessfulbuild”，因为已指定“AlwaysCreate”。
       ClCompile:
         C:\Program Files (x86)\Microsoft Visual Studio 10.0\VC\bin\CL.exe /c /ZI /nologo /W3 /WX- /Od /Oy- /D WIN32 /D _DEBUG /D _CONSOLE /D _UNICODE /D UNICODE /Gm /EHsc /RTC1 /MDd /GS /fp:precise /Zc:wchar_t /Zc:forScope /Fo"Debug\\" /Fd"Debug\vc100.pdb" /Gd /TP /analyze- /errorReport:prompt 14_01_GetSystemInfo.cpp
         14_01_GetSystemInfo.cpp
       ManifestResourceCompile:
         所有输出均为最新。
       Link:
         C:\Program Files (x86)\Microsoft Visual Studio 10.0\VC\bin\link.exe /ERRORREPORT:PROMPT /OUT:"D:\My_Git_Hub\windows_core_program\Windows_Core_Program\Debug\Virtual_Memory.exe" /INCREMENTAL /NOLOGO kernel32.lib user32.lib gdi32.lib winspool.lib comdlg32.lib advapi32.lib shell32.lib ole32.lib oleaut32.lib uuid.lib odbc32.lib odbccp32.lib /MANIFEST /ManifestFile:"Debug\Virtual_Memory.exe.intermediate.manifest" /MANIFESTUAC:"level='asInvoker' uiAccess='false'" /DEBUG /PDB:"D:\My_Git_Hub\windows_core_program\Windows_Core_Program\Debug\Virtual_Memory.pdb" /SUBSYSTEM:CONSOLE /TLBID:1 /DYNAMICBASE /NXCOMPAT /IMPLIB:"D:\My_Git_Hub\windows_core_program\Windows_Core_Program\Debug\Virtual_Memory.lib" /MACHINE:X86 Debug\Virtual_Memory.exe.embed.manifest.res
         Debug\14_01_GetSystemInfo.obj
       Manifest:
         C:\Program Files (x86)\Microsoft SDKs\Windows\v7.0A\bin\mt.exe /nologo /verbose /out:"Debug\Virtual_Memory.exe.embed.manifest" /manifest Debug\Virtual_Memory.exe.intermediate.manifest
         所有输出均为最新。
       LinkEmbedManifest:
         所有输出均为最新。
         Virtual_Memory.vcxproj -> D:\My_Git_Hub\windows_core_program\Windows_Core_Program\Debug\Virtual_Memory.exe
       FinalizeBuildStatus:
         正在删除文件“Debug\Virtual_Memory.unsuccessfulbuild”。
         正在对“Debug\Virtual_Memory.lastbuildstate”执行 Touch 任务。
     1>已完成生成项目“D:\My_Git_Hub\windows_core_program\Windows_Core_Program\Virtual_Memory\Virtual_Memory.vcxproj”(build 个目标)的操作。

生成成功。

已用时间 00:00:00.91
