D:\MY_GIT_HUB\WINDOWS_CORE_PROGRAM\WINDOWS_CORE_PROGRAM\1_FORMATMESSAGE\DEBUG\01_FORMATMESSAGE.EXE.EMBED.MANIFEST
D:\MY_GIT_HUB\WINDOWS_CORE_PROGRAM\WINDOWS_CORE_PROGRAM\1_FORMATMESSAGE\DEBUG\01_FORMATMESSAGE.EXE.EMBED.MANIFEST.RES
D:\MY_GIT_HUB\WINDOWS_CORE_PROGRAM\WINDOWS_CORE_PROGRAM\1_FORMATMESSAGE\DEBUG\01_FORMATMESSAGE.EXE.INTERMEDIATE.MANIFEST
D:\My_Git_Hub\windows_core_program\Windows_Core_Program\1_FormatMessage\Debug\01_FormatMessage.write.1.tlog
D:\My_Git_Hub\windows_core_program\Windows_Core_Program\1_FormatMessage\Debug\01_FormatMessage_manifest.rc
D:\My_Git_Hub\windows_core_program\Windows_Core_Program\1_FormatMessage\Debug\cl.command.1.tlog
D:\My_Git_Hub\windows_core_program\Windows_Core_Program\1_FormatMessage\Debug\CL.read.1.tlog
D:\My_Git_Hub\windows_core_program\Windows_Core_Program\1_FormatMessage\Debug\CL.write.1.tlog
D:\My_Git_Hub\windows_core_program\Windows_Core_Program\1_FormatMessage\Debug\link.12828.read.1.tlog
D:\My_Git_Hub\windows_core_program\Windows_Core_Program\1_FormatMessage\Debug\link.12828.write.1.tlog
D:\My_Git_Hub\windows_core_program\Windows_Core_Program\1_FormatMessage\Debug\link.12828-cvtres.read.1.tlog
D:\My_Git_Hub\windows_core_program\Windows_Core_Program\1_FormatMessage\Debug\link.12828-cvtres.write.1.tlog
D:\My_Git_Hub\windows_core_program\Windows_Core_Program\1_FormatMessage\Debug\link.command.1.tlog
D:\My_Git_Hub\windows_core_program\Windows_Core_Program\1_FormatMessage\Debug\link.read.1.tlog
D:\My_Git_Hub\windows_core_program\Windows_Core_Program\1_FormatMessage\Debug\link.write.1.tlog
D:\My_Git_Hub\windows_core_program\Windows_Core_Program\1_FormatMessage\Debug\link-cvtres.read.1.tlog
D:\My_Git_Hub\windows_core_program\Windows_Core_Program\1_FormatMessage\Debug\link-cvtres.write.1.tlog
D:\My_Git_Hub\windows_core_program\Windows_Core_Program\1_FormatMessage\Debug\mt.command.1.tlog
D:\My_Git_Hub\windows_core_program\Windows_Core_Program\1_FormatMessage\Debug\mt.read.1.tlog
D:\My_Git_Hub\windows_core_program\Windows_Core_Program\1_FormatMessage\Debug\mt.write.1.tlog
D:\My_Git_Hub\windows_core_program\Windows_Core_Program\1_FormatMessage\Debug\rc.command.1.tlog
D:\My_Git_Hub\windows_core_program\Windows_Core_Program\1_FormatMessage\Debug\rc.read.1.tlog
D:\My_Git_Hub\windows_core_program\Windows_Core_Program\1_FormatMessage\Debug\rc.write.1.tlog
D:\MY_GIT_HUB\WINDOWS_CORE_PROGRAM\WINDOWS_CORE_PROGRAM\1_FORMATMESSAGE\DEBUG\TEST_FORMATMESSAGE.OBJ
D:\My_Git_Hub\windows_core_program\Windows_Core_Program\1_FormatMessage\Debug\vc100.idb
D:\MY_GIT_HUB\WINDOWS_CORE_PROGRAM\WINDOWS_CORE_PROGRAM\1_FORMATMESSAGE\DEBUG\VC100.PDB
D:\MY_GIT_HUB\WINDOWS_CORE_PROGRAM\WINDOWS_CORE_PROGRAM\DEBUG\01_FORMATMESSAGE.EXE
D:\MY_GIT_HUB\WINDOWS_CORE_PROGRAM\WINDOWS_CORE_PROGRAM\DEBUG\01_FORMATMESSAGE.ILK
D:\MY_GIT_HUB\WINDOWS_CORE_PROGRAM\WINDOWS_CORE_PROGRAM\DEBUG\01_FORMATMESSAGE.PDB
