生成启动时间为 2016/5/1 2:45:35。
     1>项目“D:\My_Git_Hub\windows_core_program\Windows_Core_Program\1_FormatMessage\1_FormatMessage.vcxproj”在节点 2 上(build 个目标)。
     1>InitializeBuildStatus:
         正在创建“Debug\01_FormatMessage.unsuccessfulbuild”，因为已指定“AlwaysCreate”。
       ClCompile:
         C:\Program Files (x86)\Microsoft Visual Studio 10.0\VC\bin\CL.exe /c /ZI /nologo /W3 /WX- /Od /Oy- /D WIN32 /D _DEBUG /D _CONSOLE /D _UNICODE /D UNICODE /Gm /EHsc /RTC1 /MDd /GS /fp:precise /Zc:wchar_t /Zc:forScope /Fo"Debug\\" /Fd"Debug\vc100.pdb" /Gd /TP /analyze- /errorReport:prompt Test_FormatMessage.cpp
         Test_FormatMessage.cpp
     1>d:\my_git_hub\windows_core_program\windows_core_program\1_formatmessage\test_formatmessage.cpp(34): warning C4018: “>”: 有符号/无符号不匹配
       ManifestResourceCompile:
         所有输出均为最新。
       Link:
         C:\Program Files (x86)\Microsoft Visual Studio 10.0\VC\bin\link.exe /ERRORREPORT:PROMPT /OUT:"D:\My_Git_Hub\windows_core_program\Windows_Core_Program\Debug\01_FormatMessage.exe" /INCREMENTAL /NOLOGO kernel32.lib user32.lib gdi32.lib winspool.lib comdlg32.lib advapi32.lib shell32.lib ole32.lib oleaut32.lib uuid.lib odbc32.lib odbccp32.lib /MANIFEST /ManifestFile:"Debug\01_FormatMessage.exe.intermediate.manifest" /MANIFESTUAC:"level='asInvoker' uiAccess='false'" /DEBUG /PDB:"D:\My_Git_Hub\windows_core_program\Windows_Core_Program\Debug\01_FormatMessage.pdb" /SUBSYSTEM:CONSOLE /TLBID:1 /DYNAMICBASE /NXCOMPAT /IMPLIB:"D:\My_Git_Hub\windows_core_program\Windows_Core_Program\Debug\01_FormatMessage.lib" /MACHINE:X86 Debug\01_FormatMessage.exe.embed.manifest.res
         Debug\Test_FormatMessage.obj
       Manifest:
         C:\Program Files (x86)\Microsoft SDKs\Windows\v7.0A\bin\mt.exe /nologo /verbose /out:"Debug\01_FormatMessage.exe.embed.manifest" /manifest Debug\01_FormatMessage.exe.intermediate.manifest
         所有输出均为最新。
       LinkEmbedManifest:
         所有输出均为最新。
         1_FormatMessage.vcxproj -> D:\My_Git_Hub\windows_core_program\Windows_Core_Program\Debug\01_FormatMessage.exe
       FinalizeBuildStatus:
         正在删除文件“Debug\01_FormatMessage.unsuccessfulbuild”。
         正在对“Debug\01_FormatMessage.lastbuildstate”执行 Touch 任务。
     1>已完成生成项目“D:\My_Git_Hub\windows_core_program\Windows_Core_Program\1_FormatMessage\1_FormatMessage.vcxproj”(build 个目标)的操作。

生成成功。

已用时间 00:00:00.94
