生成启动时间为 2016/5/4 19:25:19。
     1>项目“D:\My_Git_Hub\windows_core_programming\03_Singleton\03_Singleton.vcxproj”在节点 2 上(rebuild 个目标)。
     1>_PrepareForClean:
         正在删除文件“Debug\03_Singleton.lastbuildstate”。
       InitializeBuildStatus:
         正在对“Debug\03_Singleton.unsuccessfulbuild”执行 Touch 任务。
       ClCompile:
         C:\Program Files (x86)\Microsoft Visual Studio 10.0\VC\bin\CL.exe /c /ZI /nologo /W3 /WX- /Od /Oy- /D WIN32 /D _DEBUG /D _CONSOLE /D _UNICODE /D UNICODE /Gm /EHsc /RTC1 /MDd /GS /fp:precise /Zc:wchar_t /Zc:forScope /Fo"Debug\\" /Fd"Debug\vc100.pdb" /Gd /TP /analyze- /errorReport:prompt singleton.cpp
         singleton.cpp
       ManifestResourceCompile:
         C:\Program Files (x86)\Microsoft SDKs\Windows\v7.0A\bin\rc.exe /nologo /fo"Debug\03_Singleton.exe.embed.manifest.res" Debug\03_Singleton_manifest.rc 
       Link:
         C:\Program Files (x86)\Microsoft Visual Studio 10.0\VC\bin\link.exe /ERRORREPORT:PROMPT /OUT:"D:\My_Git_Hub\windows_core_programming\Debug\03_Singleton.exe" /INCREMENTAL /NOLOGO kernel32.lib user32.lib gdi32.lib winspool.lib comdlg32.lib advapi32.lib shell32.lib ole32.lib oleaut32.lib uuid.lib odbc32.lib odbccp32.lib /MANIFEST /ManifestFile:"Debug\03_Singleton.exe.intermediate.manifest" /MANIFESTUAC:"level='asInvoker' uiAccess='false'" /DEBUG /PDB:"D:\My_Git_Hub\windows_core_programming\Debug\03_Singleton.pdb" /SUBSYSTEM:CONSOLE /TLBID:1 /DYNAMICBASE /NXCOMPAT /IMPLIB:"D:\My_Git_Hub\windows_core_programming\Debug\03_Singleton.lib" /MACHINE:X86 Debug\03_Singleton.exe.embed.manifest.res
         Debug\singleton.obj
       Manifest:
         正在删除文件“Debug\03_Singleton.exe.embed.manifest”。
         C:\Program Files (x86)\Microsoft SDKs\Windows\v7.0A\bin\mt.exe /nologo /verbose /out:"Debug\03_Singleton.exe.embed.manifest" /manifest Debug\03_Singleton.exe.intermediate.manifest
         C:\Program Files (x86)\Microsoft SDKs\Windows\v7.0A\bin\rc.exe /nologo /fo"Debug\03_Singleton.exe.embed.manifest.res" Debug\03_Singleton_manifest.rc 
       LinkEmbedManifest:
         C:\Program Files (x86)\Microsoft Visual Studio 10.0\VC\bin\link.exe /ERRORREPORT:PROMPT /OUT:"D:\My_Git_Hub\windows_core_programming\Debug\03_Singleton.exe" /INCREMENTAL /NOLOGO kernel32.lib user32.lib gdi32.lib winspool.lib comdlg32.lib advapi32.lib shell32.lib ole32.lib oleaut32.lib uuid.lib odbc32.lib odbccp32.lib /MANIFEST /ManifestFile:"Debug\03_Singleton.exe.intermediate.manifest" /MANIFESTUAC:"level='asInvoker' uiAccess='false'" /DEBUG /PDB:"D:\My_Git_Hub\windows_core_programming\Debug\03_Singleton.pdb" /SUBSYSTEM:CONSOLE /TLBID:1 /DYNAMICBASE /NXCOMPAT /IMPLIB:"D:\My_Git_Hub\windows_core_programming\Debug\03_Singleton.lib" /MACHINE:X86 Debug\03_Singleton.exe.embed.manifest.res
         Debug\singleton.obj
         03_Singleton.vcxproj -> D:\My_Git_Hub\windows_core_programming\Debug\03_Singleton.exe
       FinalizeBuildStatus:
         正在删除文件“Debug\03_Singleton.unsuccessfulbuild”。
         正在对“Debug\03_Singleton.lastbuildstate”执行 Touch 任务。
     1>已完成生成项目“D:\My_Git_Hub\windows_core_programming\03_Singleton\03_Singleton.vcxproj”(rebuild 个目标)的操作。

生成成功。

已用时间 00:00:00.99
